Compiling the C compiler identification source file "CMakeCCompilerId.c" failed.
Compiler:  
Build flags: 
Id flags: 

The output was:
1
Microsoft (R) Build Engine version 14.0.23107.0
Copyright (C) Microsoft Corporation. All rights reserved.

Build started 13.05.2016 09:21:28.
Project "C:\code\src\github.com\MLauper\CPVR_CPP-Intro_Projects\CMakeFiles\3.5.2\CompilerIdC\CompilerIdC.vcxproj" on node 1 (default targets).
PrepareForBuild:
  Creating directory "Debug\".
  Creating directory "Debug\CompilerIdC.tlog\".
InitializeBuildStatus:
  Creating "Debug\CompilerIdC.tlog\unsuccessfulbuild" because "AlwaysCreate" was specified.
C:\Program Files (x86)\MSBuild\Microsoft.Cpp\v4.0\V140\Microsoft.CppCommon.targets(355,5): error MSB4018: The "CL" task failed unexpectedly. [C:\code\src\github.com\MLauper\CPVR_CPP-Intro_Projects\CMakeFiles\3.5.2\CompilerIdC\CompilerIdC.vcxproj]
C:\Program Files (x86)\MSBuild\Microsoft.Cpp\v4.0\V140\Microsoft.CppCommon.targets(355,5): error MSB4018: System.TypeInitializationException: The type initializer for 'Microsoft.Build.Utilities.FileTracker' threw an exception. ---> System.UnauthorizedAccessException: Access is denied. (Exception from HRESULT: 0x80070005 (E_ACCESSDENIED)) [C:\code\src\github.com\MLauper\CPVR_CPP-Intro_Projects\CMakeFiles\3.5.2\CompilerIdC\CompilerIdC.vcxproj]
C:\Program Files (x86)\MSBuild\Microsoft.Cpp\v4.0\V140\Microsoft.CppCommon.targets(355,5): error MSB4018:    at System.Runtime.InteropServices.Marshal.ThrowExceptionForHRInternal(Int32 errorCode, IntPtr errorInfo) [C:\code\src\github.com\MLauper\CPVR_CPP-Intro_Projects\CMakeFiles\3.5.2\CompilerIdC\CompilerIdC.vcxproj]
C:\Program Files (x86)\MSBuild\Microsoft.Cpp\v4.0\V140\Microsoft.CppCommon.targets(355,5): error MSB4018:    at Microsoft.Build.Shared.NativeMethodsShared.ThrowExceptionForErrorCode(Int32 errorCode) [C:\code\src\github.com\MLauper\CPVR_CPP-Intro_Projects\CMakeFiles\3.5.2\CompilerIdC\CompilerIdC.vcxproj]
C:\Program Files (x86)\MSBuild\Microsoft.Cpp\v4.0\V140\Microsoft.CppCommon.targets(355,5): error MSB4018:    at Microsoft.Build.Shared.NativeMethodsShared.GetLongFilePath(String path) [C:\code\src\github.com\MLauper\CPVR_CPP-Intro_Projects\CMakeFiles\3.5.2\CompilerIdC\CompilerIdC.vcxproj]
C:\Program Files (x86)\MSBuild\Microsoft.Cpp\v4.0\V140\Microsoft.CppCommon.targets(355,5): error MSB4018:    at Microsoft.Build.Utilities.FileTracker..cctor() [C:\code\src\github.com\MLauper\CPVR_CPP-Intro_Projects\CMakeFiles\3.5.2\CompilerIdC\CompilerIdC.vcxproj]
C:\Program Files (x86)\MSBuild\Microsoft.Cpp\v4.0\V140\Microsoft.CppCommon.targets(355,5): error MSB4018:    --- End of inner exception stack trace --- [C:\code\src\github.com\MLauper\CPVR_CPP-Intro_Projects\CMakeFiles\3.5.2\CompilerIdC\CompilerIdC.vcxproj]
C:\Program Files (x86)\MSBuild\Microsoft.Cpp\v4.0\V140\Microsoft.CppCommon.targets(355,5): error MSB4018:    at Microsoft.Build.CPPTasks.CL.ComputeOutOfDateSources() [C:\code\src\github.com\MLauper\CPVR_CPP-Intro_Projects\CMakeFiles\3.5.2\CompilerIdC\CompilerIdC.vcxproj]
C:\Program Files (x86)\MSBuild\Microsoft.Cpp\v4.0\V140\Microsoft.CppCommon.targets(355,5): error MSB4018:    at Microsoft.Build.CPPTasks.TrackedVCToolTask.SkipTaskExecution() [C:\code\src\github.com\MLauper\CPVR_CPP-Intro_Projects\CMakeFiles\3.5.2\CompilerIdC\CompilerIdC.vcxproj]
C:\Program Files (x86)\MSBuild\Microsoft.Cpp\v4.0\V140\Microsoft.CppCommon.targets(355,5): error MSB4018:    at Microsoft.Build.Utilities.ToolTask.Execute() [C:\code\src\github.com\MLauper\CPVR_CPP-Intro_Projects\CMakeFiles\3.5.2\CompilerIdC\CompilerIdC.vcxproj]
C:\Program Files (x86)\MSBuild\Microsoft.Cpp\v4.0\V140\Microsoft.CppCommon.targets(355,5): error MSB4018:    at Microsoft.Build.CPPTasks.TrackedVCToolTask.Execute() [C:\code\src\github.com\MLauper\CPVR_CPP-Intro_Projects\CMakeFiles\3.5.2\CompilerIdC\CompilerIdC.vcxproj]
C:\Program Files (x86)\MSBuild\Microsoft.Cpp\v4.0\V140\Microsoft.CppCommon.targets(355,5): error MSB4018:    at Microsoft.Build.BackEnd.TaskExecutionHost.Microsoft.Build.BackEnd.ITaskExecutionHost.Execute() [C:\code\src\github.com\MLauper\CPVR_CPP-Intro_Projects\CMakeFiles\3.5.2\CompilerIdC\CompilerIdC.vcxproj]
C:\Program Files (x86)\MSBuild\Microsoft.Cpp\v4.0\V140\Microsoft.CppCommon.targets(355,5): error MSB4018:    at Microsoft.Build.BackEnd.TaskBuilder.<ExecuteInstantiatedTask>d__26.MoveNext() [C:\code\src\github.com\MLauper\CPVR_CPP-Intro_Projects\CMakeFiles\3.5.2\CompilerIdC\CompilerIdC.vcxproj]
Done Building Project "C:\code\src\github.com\MLauper\CPVR_CPP-Intro_Projects\CMakeFiles\3.5.2\CompilerIdC\CompilerIdC.vcxproj" (default targets) -- FAILED.

Build FAILED.

"C:\code\src\github.com\MLauper\CPVR_CPP-Intro_Projects\CMakeFiles\3.5.2\CompilerIdC\CompilerIdC.vcxproj" (default target) (1) ->
(ClCompile target) -> 
  C:\Program Files (x86)\MSBuild\Microsoft.Cpp\v4.0\V140\Microsoft.CppCommon.targets(355,5): error MSB4018: The "CL" task failed unexpectedly. [C:\code\src\github.com\MLauper\CPVR_CPP-Intro_Projects\CMakeFiles\3.5.2\CompilerIdC\CompilerIdC.vcxproj]
C:\Program Files (x86)\MSBuild\Microsoft.Cpp\v4.0\V140\Microsoft.CppCommon.targets(355,5): error MSB4018: System.TypeInitializationException: The type initializer for 'Microsoft.Build.Utilities.FileTracker' threw an exception. ---> System.UnauthorizedAccessException: Access is denied. (Exception from HRESULT: 0x80070005 (E_ACCESSDENIED)) [C:\code\src\github.com\MLauper\CPVR_CPP-Intro_Projects\CMakeFiles\3.5.2\CompilerIdC\CompilerIdC.vcxproj]
C:\Program Files (x86)\MSBuild\Microsoft.Cpp\v4.0\V140\Microsoft.CppCommon.targets(355,5): error MSB4018:    at System.Runtime.InteropServices.Marshal.ThrowExceptionForHRInternal(Int32 errorCode, IntPtr errorInfo) [C:\code\src\github.com\MLauper\CPVR_CPP-Intro_Projects\CMakeFiles\3.5.2\CompilerIdC\CompilerIdC.vcxproj]
C:\Program Files (x86)\MSBuild\Microsoft.Cpp\v4.0\V140\Microsoft.CppCommon.targets(355,5): error MSB4018:    at Microsoft.Build.Shared.NativeMethodsShared.ThrowExceptionForErrorCode(Int32 errorCode) [C:\code\src\github.com\MLauper\CPVR_CPP-Intro_Projects\CMakeFiles\3.5.2\CompilerIdC\CompilerIdC.vcxproj]
C:\Program Files (x86)\MSBuild\Microsoft.Cpp\v4.0\V140\Microsoft.CppCommon.targets(355,5): error MSB4018:    at Microsoft.Build.Shared.NativeMethodsShared.GetLongFilePath(String path) [C:\code\src\github.com\MLauper\CPVR_CPP-Intro_Projects\CMakeFiles\3.5.2\CompilerIdC\CompilerIdC.vcxproj]
C:\Program Files (x86)\MSBuild\Microsoft.Cpp\v4.0\V140\Microsoft.CppCommon.targets(355,5): error MSB4018:    at Microsoft.Build.Utilities.FileTracker..cctor() [C:\code\src\github.com\MLauper\CPVR_CPP-Intro_Projects\CMakeFiles\3.5.2\CompilerIdC\CompilerIdC.vcxproj]
C:\Program Files (x86)\MSBuild\Microsoft.Cpp\v4.0\V140\Microsoft.CppCommon.targets(355,5): error MSB4018:    --- End of inner exception stack trace --- [C:\code\src\github.com\MLauper\CPVR_CPP-Intro_Projects\CMakeFiles\3.5.2\CompilerIdC\CompilerIdC.vcxproj]
C:\Program Files (x86)\MSBuild\Microsoft.Cpp\v4.0\V140\Microsoft.CppCommon.targets(355,5): error MSB4018:    at Microsoft.Build.CPPTasks.CL.ComputeOutOfDateSources() [C:\code\src\github.com\MLauper\CPVR_CPP-Intro_Projects\CMakeFiles\3.5.2\CompilerIdC\CompilerIdC.vcxproj]
C:\Program Files (x86)\MSBuild\Microsoft.Cpp\v4.0\V140\Microsoft.CppCommon.targets(355,5): error MSB4018:    at Microsoft.Build.CPPTasks.TrackedVCToolTask.SkipTaskExecution() [C:\code\src\github.com\MLauper\CPVR_CPP-Intro_Projects\CMakeFiles\3.5.2\CompilerIdC\CompilerIdC.vcxproj]
C:\Program Files (x86)\MSBuild\Microsoft.Cpp\v4.0\V140\Microsoft.CppCommon.targets(355,5): error MSB4018:    at Microsoft.Build.Utilities.ToolTask.Execute() [C:\code\src\github.com\MLauper\CPVR_CPP-Intro_Projects\CMakeFiles\3.5.2\CompilerIdC\CompilerIdC.vcxproj]
C:\Program Files (x86)\MSBuild\Microsoft.Cpp\v4.0\V140\Microsoft.CppCommon.targets(355,5): error MSB4018:    at Microsoft.Build.CPPTasks.TrackedVCToolTask.Execute() [C:\code\src\github.com\MLauper\CPVR_CPP-Intro_Projects\CMakeFiles\3.5.2\CompilerIdC\CompilerIdC.vcxproj]
C:\Program Files (x86)\MSBuild\Microsoft.Cpp\v4.0\V140\Microsoft.CppCommon.targets(355,5): error MSB4018:    at Microsoft.Build.BackEnd.TaskExecutionHost.Microsoft.Build.BackEnd.ITaskExecutionHost.Execute() [C:\code\src\github.com\MLauper\CPVR_CPP-Intro_Projects\CMakeFiles\3.5.2\CompilerIdC\CompilerIdC.vcxproj]
C:\Program Files (x86)\MSBuild\Microsoft.Cpp\v4.0\V140\Microsoft.CppCommon.targets(355,5): error MSB4018:    at Microsoft.Build.BackEnd.TaskBuilder.<ExecuteInstantiatedTask>d__26.MoveNext() [C:\code\src\github.com\MLauper\CPVR_CPP-Intro_Projects\CMakeFiles\3.5.2\CompilerIdC\CompilerIdC.vcxproj]

    0 Warning(s)
    1 Error(s)

Time Elapsed 00:00:00.31


Compiling the CXX compiler identification source file "CMakeCXXCompilerId.cpp" failed.
Compiler:  
Build flags: 
Id flags: 

The output was:
1
Microsoft (R) Build Engine version 14.0.23107.0
Copyright (C) Microsoft Corporation. All rights reserved.

Build started 13.05.2016 09:21:28.
Project "C:\code\src\github.com\MLauper\CPVR_CPP-Intro_Projects\CMakeFiles\3.5.2\CompilerIdCXX\CompilerIdCXX.vcxproj" on node 1 (default targets).
PrepareForBuild:
  Creating directory "Debug\".
  Creating directory "Debug\CompilerIdCXX.tlog\".
InitializeBuildStatus:
  Creating "Debug\CompilerIdCXX.tlog\unsuccessfulbuild" because "AlwaysCreate" was specified.
C:\Program Files (x86)\MSBuild\Microsoft.Cpp\v4.0\V140\Microsoft.CppCommon.targets(355,5): error MSB4018: The "CL" task failed unexpectedly. [C:\code\src\github.com\MLauper\CPVR_CPP-Intro_Projects\CMakeFiles\3.5.2\CompilerIdCXX\CompilerIdCXX.vcxproj]
C:\Program Files (x86)\MSBuild\Microsoft.Cpp\v4.0\V140\Microsoft.CppCommon.targets(355,5): error MSB4018: System.TypeInitializationException: The type initializer for 'Microsoft.Build.Utilities.FileTracker' threw an exception. ---> System.UnauthorizedAccessException: Access is denied. (Exception from HRESULT: 0x80070005 (E_ACCESSDENIED)) [C:\code\src\github.com\MLauper\CPVR_CPP-Intro_Projects\CMakeFiles\3.5.2\CompilerIdCXX\CompilerIdCXX.vcxproj]
C:\Program Files (x86)\MSBuild\Microsoft.Cpp\v4.0\V140\Microsoft.CppCommon.targets(355,5): error MSB4018:    at System.Runtime.InteropServices.Marshal.ThrowExceptionForHRInternal(Int32 errorCode, IntPtr errorInfo) [C:\code\src\github.com\MLauper\CPVR_CPP-Intro_Projects\CMakeFiles\3.5.2\CompilerIdCXX\CompilerIdCXX.vcxproj]
C:\Program Files (x86)\MSBuild\Microsoft.Cpp\v4.0\V140\Microsoft.CppCommon.targets(355,5): error MSB4018:    at Microsoft.Build.Shared.NativeMethodsShared.ThrowExceptionForErrorCode(Int32 errorCode) [C:\code\src\github.com\MLauper\CPVR_CPP-Intro_Projects\CMakeFiles\3.5.2\CompilerIdCXX\CompilerIdCXX.vcxproj]
C:\Program Files (x86)\MSBuild\Microsoft.Cpp\v4.0\V140\Microsoft.CppCommon.targets(355,5): error MSB4018:    at Microsoft.Build.Shared.NativeMethodsShared.GetLongFilePath(String path) [C:\code\src\github.com\MLauper\CPVR_CPP-Intro_Projects\CMakeFiles\3.5.2\CompilerIdCXX\CompilerIdCXX.vcxproj]
C:\Program Files (x86)\MSBuild\Microsoft.Cpp\v4.0\V140\Microsoft.CppCommon.targets(355,5): error MSB4018:    at Microsoft.Build.Utilities.FileTracker..cctor() [C:\code\src\github.com\MLauper\CPVR_CPP-Intro_Projects\CMakeFiles\3.5.2\CompilerIdCXX\CompilerIdCXX.vcxproj]
C:\Program Files (x86)\MSBuild\Microsoft.Cpp\v4.0\V140\Microsoft.CppCommon.targets(355,5): error MSB4018:    --- End of inner exception stack trace --- [C:\code\src\github.com\MLauper\CPVR_CPP-Intro_Projects\CMakeFiles\3.5.2\CompilerIdCXX\CompilerIdCXX.vcxproj]
C:\Program Files (x86)\MSBuild\Microsoft.Cpp\v4.0\V140\Microsoft.CppCommon.targets(355,5): error MSB4018:    at Microsoft.Build.CPPTasks.CL.ComputeOutOfDateSources() [C:\code\src\github.com\MLauper\CPVR_CPP-Intro_Projects\CMakeFiles\3.5.2\CompilerIdCXX\CompilerIdCXX.vcxproj]
C:\Program Files (x86)\MSBuild\Microsoft.Cpp\v4.0\V140\Microsoft.CppCommon.targets(355,5): error MSB4018:    at Microsoft.Build.CPPTasks.TrackedVCToolTask.SkipTaskExecution() [C:\code\src\github.com\MLauper\CPVR_CPP-Intro_Projects\CMakeFiles\3.5.2\CompilerIdCXX\CompilerIdCXX.vcxproj]
C:\Program Files (x86)\MSBuild\Microsoft.Cpp\v4.0\V140\Microsoft.CppCommon.targets(355,5): error MSB4018:    at Microsoft.Build.Utilities.ToolTask.Execute() [C:\code\src\github.com\MLauper\CPVR_CPP-Intro_Projects\CMakeFiles\3.5.2\CompilerIdCXX\CompilerIdCXX.vcxproj]
C:\Program Files (x86)\MSBuild\Microsoft.Cpp\v4.0\V140\Microsoft.CppCommon.targets(355,5): error MSB4018:    at Microsoft.Build.CPPTasks.TrackedVCToolTask.Execute() [C:\code\src\github.com\MLauper\CPVR_CPP-Intro_Projects\CMakeFiles\3.5.2\CompilerIdCXX\CompilerIdCXX.vcxproj]
C:\Program Files (x86)\MSBuild\Microsoft.Cpp\v4.0\V140\Microsoft.CppCommon.targets(355,5): error MSB4018:    at Microsoft.Build.BackEnd.TaskExecutionHost.Microsoft.Build.BackEnd.ITaskExecutionHost.Execute() [C:\code\src\github.com\MLauper\CPVR_CPP-Intro_Projects\CMakeFiles\3.5.2\CompilerIdCXX\CompilerIdCXX.vcxproj]
C:\Program Files (x86)\MSBuild\Microsoft.Cpp\v4.0\V140\Microsoft.CppCommon.targets(355,5): error MSB4018:    at Microsoft.Build.BackEnd.TaskBuilder.<ExecuteInstantiatedTask>d__26.MoveNext() [C:\code\src\github.com\MLauper\CPVR_CPP-Intro_Projects\CMakeFiles\3.5.2\CompilerIdCXX\CompilerIdCXX.vcxproj]
Done Building Project "C:\code\src\github.com\MLauper\CPVR_CPP-Intro_Projects\CMakeFiles\3.5.2\CompilerIdCXX\CompilerIdCXX.vcxproj" (default targets) -- FAILED.

Build FAILED.

"C:\code\src\github.com\MLauper\CPVR_CPP-Intro_Projects\CMakeFiles\3.5.2\CompilerIdCXX\CompilerIdCXX.vcxproj" (default target) (1) ->
(ClCompile target) -> 
  C:\Program Files (x86)\MSBuild\Microsoft.Cpp\v4.0\V140\Microsoft.CppCommon.targets(355,5): error MSB4018: The "CL" task failed unexpectedly. [C:\code\src\github.com\MLauper\CPVR_CPP-Intro_Projects\CMakeFiles\3.5.2\CompilerIdCXX\CompilerIdCXX.vcxproj]
C:\Program Files (x86)\MSBuild\Microsoft.Cpp\v4.0\V140\Microsoft.CppCommon.targets(355,5): error MSB4018: System.TypeInitializationException: The type initializer for 'Microsoft.Build.Utilities.FileTracker' threw an exception. ---> System.UnauthorizedAccessException: Access is denied. (Exception from HRESULT: 0x80070005 (E_ACCESSDENIED)) [C:\code\src\github.com\MLauper\CPVR_CPP-Intro_Projects\CMakeFiles\3.5.2\CompilerIdCXX\CompilerIdCXX.vcxproj]
C:\Program Files (x86)\MSBuild\Microsoft.Cpp\v4.0\V140\Microsoft.CppCommon.targets(355,5): error MSB4018:    at System.Runtime.InteropServices.Marshal.ThrowExceptionForHRInternal(Int32 errorCode, IntPtr errorInfo) [C:\code\src\github.com\MLauper\CPVR_CPP-Intro_Projects\CMakeFiles\3.5.2\CompilerIdCXX\CompilerIdCXX.vcxproj]
C:\Program Files (x86)\MSBuild\Microsoft.Cpp\v4.0\V140\Microsoft.CppCommon.targets(355,5): error MSB4018:    at Microsoft.Build.Shared.NativeMethodsShared.ThrowExceptionForErrorCode(Int32 errorCode) [C:\code\src\github.com\MLauper\CPVR_CPP-Intro_Projects\CMakeFiles\3.5.2\CompilerIdCXX\CompilerIdCXX.vcxproj]
C:\Program Files (x86)\MSBuild\Microsoft.Cpp\v4.0\V140\Microsoft.CppCommon.targets(355,5): error MSB4018:    at Microsoft.Build.Shared.NativeMethodsShared.GetLongFilePath(String path) [C:\code\src\github.com\MLauper\CPVR_CPP-Intro_Projects\CMakeFiles\3.5.2\CompilerIdCXX\CompilerIdCXX.vcxproj]
C:\Program Files (x86)\MSBuild\Microsoft.Cpp\v4.0\V140\Microsoft.CppCommon.targets(355,5): error MSB4018:    at Microsoft.Build.Utilities.FileTracker..cctor() [C:\code\src\github.com\MLauper\CPVR_CPP-Intro_Projects\CMakeFiles\3.5.2\CompilerIdCXX\CompilerIdCXX.vcxproj]
C:\Program Files (x86)\MSBuild\Microsoft.Cpp\v4.0\V140\Microsoft.CppCommon.targets(355,5): error MSB4018:    --- End of inner exception stack trace --- [C:\code\src\github.com\MLauper\CPVR_CPP-Intro_Projects\CMakeFiles\3.5.2\CompilerIdCXX\CompilerIdCXX.vcxproj]
C:\Program Files (x86)\MSBuild\Microsoft.Cpp\v4.0\V140\Microsoft.CppCommon.targets(355,5): error MSB4018:    at Microsoft.Build.CPPTasks.CL.ComputeOutOfDateSources() [C:\code\src\github.com\MLauper\CPVR_CPP-Intro_Projects\CMakeFiles\3.5.2\CompilerIdCXX\CompilerIdCXX.vcxproj]
C:\Program Files (x86)\MSBuild\Microsoft.Cpp\v4.0\V140\Microsoft.CppCommon.targets(355,5): error MSB4018:    at Microsoft.Build.CPPTasks.TrackedVCToolTask.SkipTaskExecution() [C:\code\src\github.com\MLauper\CPVR_CPP-Intro_Projects\CMakeFiles\3.5.2\CompilerIdCXX\CompilerIdCXX.vcxproj]
C:\Program Files (x86)\MSBuild\Microsoft.Cpp\v4.0\V140\Microsoft.CppCommon.targets(355,5): error MSB4018:    at Microsoft.Build.Utilities.ToolTask.Execute() [C:\code\src\github.com\MLauper\CPVR_CPP-Intro_Projects\CMakeFiles\3.5.2\CompilerIdCXX\CompilerIdCXX.vcxproj]
C:\Program Files (x86)\MSBuild\Microsoft.Cpp\v4.0\V140\Microsoft.CppCommon.targets(355,5): error MSB4018:    at Microsoft.Build.CPPTasks.TrackedVCToolTask.Execute() [C:\code\src\github.com\MLauper\CPVR_CPP-Intro_Projects\CMakeFiles\3.5.2\CompilerIdCXX\CompilerIdCXX.vcxproj]
C:\Program Files (x86)\MSBuild\Microsoft.Cpp\v4.0\V140\Microsoft.CppCommon.targets(355,5): error MSB4018:    at Microsoft.Build.BackEnd.TaskExecutionHost.Microsoft.Build.BackEnd.ITaskExecutionHost.Execute() [C:\code\src\github.com\MLauper\CPVR_CPP-Intro_Projects\CMakeFiles\3.5.2\CompilerIdCXX\CompilerIdCXX.vcxproj]
C:\Program Files (x86)\MSBuild\Microsoft.Cpp\v4.0\V140\Microsoft.CppCommon.targets(355,5): error MSB4018:    at Microsoft.Build.BackEnd.TaskBuilder.<ExecuteInstantiatedTask>d__26.MoveNext() [C:\code\src\github.com\MLauper\CPVR_CPP-Intro_Projects\CMakeFiles\3.5.2\CompilerIdCXX\CompilerIdCXX.vcxproj]

    0 Warning(s)
    1 Error(s)

Time Elapsed 00:00:00.29


